<?xml version="1.0" encoding="UTF-8"?>
<testng-results ignored="0" total="1" passed="1" failed="0" skipped="0">
  <reporter-output>
  </reporter-output>
  <suite started-at="2022-04-12T10:07:10 IST" name="Default suite" finished-at="2022-04-12T10:07:10 IST" duration-ms="43">
    <groups>
    </groups>
    <test started-at="2022-04-12T10:07:10 IST" name="Default test" finished-at="2022-04-12T10:07:10 IST" duration-ms="43">
      <class name="TestngDemo.Test1">
        <test-method is-config="true" signature="method4()[pri:0, instance:TestngDemo.Test1@1e6454ec]" started-at="2022-04-12T10:07:10 IST" name="method4" finished-at="2022-04-12T10:07:10 IST" duration-ms="8" status="PASS">
          <reporter-output>
          </reporter-output>
        </test-method> <!-- method4 -->
        <test-method is-config="true" signature="method1()[pri:0, instance:TestngDemo.Test1@1e6454ec]" started-at="2022-04-12T10:07:10 IST" name="method1" finished-at="2022-04-12T10:07:10 IST" duration-ms="1" status="PASS">
          <reporter-output>
          </reporter-output>
        </test-method> <!-- method1 -->
        <test-method signature="method3()[pri:0, instance:TestngDemo.Test1@1e6454ec]" started-at="2022-04-12T10:07:10 IST" name="method3" finished-at="2022-04-12T10:07:10 IST" duration-ms="5" status="PASS">
          <reporter-output>
          </reporter-output>
        </test-method> <!-- method3 -->
        <test-method is-config="true" signature="method2()[pri:0, instance:TestngDemo.Test1@1e6454ec]" started-at="2022-04-12T10:07:10 IST" name="method2" finished-at="2022-04-12T10:07:10 IST" duration-ms="1" status="PASS">
          <reporter-output>
          </reporter-output>
        </test-method> <!-- method2 -->
        <test-method is-config="true" signature="method5()[pri:0, instance:TestngDemo.Test1@1e6454ec]" started-at="2022-04-12T10:07:10 IST" name="method5" finished-at="2022-04-12T10:07:10 IST" duration-ms="0" status="PASS">
          <reporter-output>
          </reporter-output>
        </test-method> <!-- method5 -->
      </class> <!-- TestngDemo.Test1 -->
    </test> <!-- Default test -->
  </suite> <!-- Default suite -->
</testng-results>
